stdio    D         file_stdio.c:110  file_stdio_fopen                 [   0.00000] opening C:\Users\Gusta\source\repos\pi\x64\Debug\allegro5.cfg r
system   D            wsystem.c:834  maybe_parent_dir                 [   0.00000] Also searching C:\Users\Gusta\source\repos\pi\x64\
system   D            wsystem.c:889  _al_win_safe_load_library        [   0.00000] PathFindOnPath found: C:\WINDOWS\system32\shcore.dll
system   D            wsystem.c:795  load_library_at_path             [   0.00000] Calling LoadLibrary C:\WINDOWS\system32\shcore.dll
system   I            wsystem.c:798  load_library_at_path             [   0.00000] Loaded C:\WINDOWS\system32\shcore.dll
system   I             system.c:271  al_install_system                [   0.00000] Allegro version: 5.2.8
audio-dsound I           dsound.cpp:275  _dsound_open                     [   0.00053] Starting DirectSound...
audio-dsound D           dsound.cpp:288  _dsound_open                     [   0.09914] DirectSoundCreate8 succeeded
audio-dsound I           dsound.cpp:77   get_window                       [   0.09932] Using desktop window: 0000000000010010
audio    I              audio.c:391  do_install_audio                 [   0.09959] Using DirectSound driver
audio-dsound D           dsound.cpp:322  _dsound_allocate_voice           [   0.09983] Allocating voice
audio-dsound D           dsound.cpp:381  _dsound_allocate_voice           [   0.09992] Allocated voice
dtor     D               dtor.c:196  _al_register_destructor          [   0.09999] added dtor for voice 000001CA8200F310, func 00007FFF628D1168
dtor     D               dtor.c:196  _al_register_destructor          [   0.10009] added dtor for mixer 000001CA82014EE0, func 00007FFF628D147E
audio-dsound D           dsound.cpp:477  _dsound_start_voice              [   0.10018] Starting voice
audio-dsound D           dsound.cpp:505  _dsound_start_voice              [   0.10025] CreateSoundBuffer
audio-dsound D           dsound.cpp:513  _dsound_start_voice              [   0.10393] CreateSoundBuffer succeeded
audio-dsound D           dsound.cpp:519  _dsound_start_voice              [   0.10409] Starting _dsound_update thread
audio-dsound I           dsound.cpp:529  _dsound_start_voice              [   0.10480] Voice started
dtor     D               dtor.c:196  _al_register_destructor          [   0.10492] added dtor for sample_instance 000001CA82015620, func 00007FFF628D1226
audio    D          kcm_mixer.c:121  _al_rechannel_matrix             [   0.10525] sample matrix:
audio    D          kcm_mixer.c:127  _al_rechannel_matrix             [   0.10532] 
audio    D          kcm_mixer.c:127  _al_rechannel_matrix             [   0.10542] 
dtor     D               dtor.c:196  _al_register_destructor          [   0.10552] added dtor for timer 000001CA81FC3A40, func 00007FFF43851050
system   D            wsystem.c:834  maybe_parent_dir                 [   0.10575] Also searching C:\Users\Gusta\source\repos\pi\x64\
system   D            wsystem.c:889  _al_win_safe_load_library        [   0.10614] PathFindOnPath found: C:\WINDOWS\system32\d3d9.dll
system   D            wsystem.c:795  load_library_at_path             [   0.10622] Calling LoadLibrary C:\WINDOWS\system32\d3d9.dll
system   I            wsystem.c:798  load_library_at_path             [   0.11485] Loaded C:\WINDOWS\system32\d3d9.dll
d3d      I         d3d_disp.cpp:679  d3d_init_display                 [   0.20200] Render-to-texture: 1
d3d      I         d3d_disp.cpp:1780 d3d_create_display_locked        [   0.20329] faux_fullscreen=0
d3d      D         d3d_disp.cpp:1781 d3d_create_display_locked        [   0.20342] al_display=000001CA8207ED60
d3d      D         d3d_disp.cpp:1782 d3d_create_display_locked        [   0.20351] al_display->vt=000001CA84B10280
d3d      I d3d_display_formats.cpp:144  _al_d3d_generate_display_format_list [   0.20828] found 160 format combinations
display  D   display_settings.c:214  debug_display_settings           [   0.20846] color: 32 (rgba 8880), depth: 0, stencil: 0, acc: 0000, samples: 0/0
display  D   display_settings.c:529  _al_score_display_settings       [   0.20855] Score is : 897
display  D   display_settings.c:214  debug_display_settings           [   0.20870] color: 32 (rgba 8880), depth: 0, stencil: 0, acc: 0000, samples: 0/0
display  D   display_settings.c:529  _al_score_display_settings       [   0.20879] Score is : 897
display  D   display_settings.c:214  debug_display_settings           [   0.20885] color: 32 (rgba 8880), depth: 0, stencil: 0, acc: 0000, samples: 2/1
display  D   display_settings.c:529  _al_score_display_settings       [   0.20894] Score is : 726
display  D   display_settings.c:214  debug_display_settings           [   0.20902] color: 32 (rgba 8880), depth: 0, stencil: 0, acc: 0000, samples: 3/1
display  D   display_settings.c:529  _al_score_display_settings       [   0.20910] Score is : 721
display  D   display_settings.c:214  debug_display_settings           [   0.20917] color: 32 (rgba 8880), depth: 0, stencil: 0, acc: 0000, samples: 4/1
display  D   display_settings.c:529  _al_score_display_settings       [   0.20927] Score is : 717
display  D   display_settings.c:214  debug_display_settings           [   0.20934] color: 32 (rgba 8880), depth: 24, stencil: 8, acc: 0000, samples: 0/0
display  D   display_settings.c:529  _al_score_display_settings       [   0.20941] Score is : 897
display  D   display_settings.c:214  debug_display_settings           [   0.20948] color: 32 (rgba 8880), depth: 24, stencil: 8, acc: 0000, samples: 0/0
display  D   display_settings.c:529  _al_score_display_settings       [   0.20956] Score is : 897
display  D   display_settings.c:214  debug_display_settings           [   0.20964] color: 32 (rgba 8880), depth: 24, stencil: 8, acc: 0000, samples: 2/1
display  D   display_settings.c:529  _al_score_display_settings       [   0.20971] Score is : 726
display  D   display_settings.c:214  debug_display_settings           [   0.20978] color: 32 (rgba 8880), depth: 24, stencil: 8, acc: 0000, samples: 3/1
display  D   display_settings.c:529  _al_score_display_settings       [   0.20986] Score is : 721
display  D   display_settings.c:214  debug_display_settings           [   0.20994] color: 32 (rgba 8880), depth: 24, stencil: 8, acc: 0000, samples: 4/1
display  D   display_settings.c:529  _al_score_display_settings       [   0.21002] Score is : 717
display  D   display_settings.c:214  debug_display_settings           [   0.21010] color: 32 (rgba 8880), depth: 24, stencil: 0, acc: 0000, samples: 0/0
display  D   display_settings.c:529  _al_score_display_settings       [   0.21018] Score is : 897
display  D   display_settings.c:214  debug_display_settings           [   0.21025] color: 32 (rgba 8880), depth: 24, stencil: 0, acc: 0000, samples: 0/0
display  D   display_settings.c:529  _al_score_display_settings       [   0.21033] Score is : 897
display  D   display_settings.c:214  debug_display_settings           [   0.21040] color: 32 (rgba 8880), depth: 24, stencil: 0, acc: 0000, samples: 2/1
display  D   display_settings.c:529  _al_score_display_settings       [   0.21048] Score is : 726
display  D   display_settings.c:214  debug_display_settings           [   0.21055] color: 32 (rgba 8880), depth: 24, stencil: 0, acc: 0000, samples: 3/1
display  D   display_settings.c:529  _al_score_display_settings       [   0.21062] Score is : 721
display  D   display_settings.c:214  debug_display_settings           [   0.21070] color: 32 (rgba 8880), depth: 24, stencil: 0, acc: 0000, samples: 4/1
display  D   display_settings.c:529  _al_score_display_settings       [   0.21077] Score is : 717
display  D   display_settings.c:214  debug_display_settings           [   0.21084] color: 32 (rgba 8880), depth: 16, stencil: 0, acc: 0000, samples: 0/0
display  D   display_settings.c:529  _al_score_display_settings       [   0.21090] Score is : 897
display  D   display_settings.c:214  debug_display_settings           [   0.21097] color: 32 (rgba 8880), depth: 16, stencil: 0, acc: 0000, samples: 0/0
display  D   display_settings.c:529  _al_score_display_settings       [   0.21105] Score is : 897
display  D   display_settings.c:214  debug_display_settings           [   0.21113] color: 32 (rgba 8880), depth: 16, stencil: 0, acc: 0000, samples: 2/1
display  D   display_settings.c:529  _al_score_display_settings       [   0.21121] Score is : 726
display  D   display_settings.c:214  debug_display_settings           [   0.21128] color: 32 (rgba 8880), depth: 16, stencil: 0, acc: 0000, samples: 3/1
display  D   display_settings.c:529  _al_score_display_settings       [   0.21136] Score is : 721
display  D   display_settings.c:214  debug_display_settings           [   0.21143] color: 32 (rgba 8880), depth: 16, stencil: 0, acc: 0000, samples: 4/1
display  D   display_settings.c:529  _al_score_display_settings       [   0.21150] Score is : 717
display  D   display_settings.c:214  debug_display_settings           [   0.21157] color: 16 (rgba 5650), depth: 0, stencil: 0, acc: 0000, samples: 0/0
display  D   display_settings.c:529  _al_score_display_settings       [   0.21165] Score is : 897
display  D   display_settings.c:214  debug_display_settings           [   0.21171] color: 16 (rgba 5650), depth: 0, stencil: 0, acc: 0000, samples: 0/0
display  D   display_settings.c:529  _al_score_display_settings       [   0.21179] Score is : 897
display  D   display_settings.c:214  debug_display_settings           [   0.21187] color: 16 (rgba 5650), depth: 0, stencil: 0, acc: 0000, samples: 2/1
display  D   display_settings.c:529  _al_score_display_settings       [   0.21197] Score is : 726
display  D   display_settings.c:214  debug_display_settings           [   0.21205] color: 16 (rgba 5650), depth: 0, stencil: 0, acc: 0000, samples: 3/1
display  D   display_settings.c:529  _al_score_display_settings       [   0.21221] Score is : 721
display  D   display_settings.c:214  debug_display_settings           [   0.21228] color: 16 (rgba 5650), depth: 0, stencil: 0, acc: 0000, samples: 4/1
display  D   display_settings.c:529  _al_score_display_settings       [   0.21241] Score is : 717
display  D   display_settings.c:214  debug_display_settings           [   0.21252] color: 16 (rgba 5650), depth: 24, stencil: 8, acc: 0000, samples: 0/0
display  D   display_settings.c:529  _al_score_display_settings       [   0.21282] Score is : 897
display  D   display_settings.c:214  debug_display_settings           [   0.21306] color: 16 (rgba 5650), depth: 24, stencil: 8, acc: 0000, samples: 0/0
display  D   display_settings.c:529  _al_score_display_settings       [   0.21321] Score is : 897
display  D   display_settings.c:214  debug_display_settings           [   0.21328] color: 16 (rgba 5650), depth: 24, stencil: 8, acc: 0000, samples: 2/1
display  D   display_settings.c:529  _al_score_display_settings       [   0.21335] Score is : 726
display  D   display_settings.c:214  debug_display_settings           [   0.21341] color: 16 (rgba 5650), depth: 24, stencil: 8, acc: 0000, samples: 3/1
display  D   display_settings.c:529  _al_score_display_settings       [   0.21351] Score is : 721
display  D   display_settings.c:214  debug_display_settings           [   0.21360] color: 16 (rgba 5650), depth: 24, stencil: 8, acc: 0000, samples: 4/1
display  D   display_settings.c:529  _al_score_display_settings       [   0.21369] Score is : 717
display  D   display_settings.c:214  debug_display_settings           [   0.21375] color: 16 (rgba 5650), depth: 24, stencil: 0, acc: 0000, samples: 0/0
display  D   display_settings.c:529  _al_score_display_settings       [   0.21385] Score is : 897
display  D   display_settings.c:214  debug_display_settings           [   0.21395] color: 16 (rgba 5650), depth: 24, stencil: 0, acc: 0000, samples: 0/0
display  D   display_settings.c:529  _al_score_display_settings       [   0.21407] Score is : 897
display  D   display_settings.c:214  debug_display_settings           [   0.21415] color: 16 (rgba 5650), depth: 24, stencil: 0, acc: 0000, samples: 2/1
display  D   display_settings.c:529  _al_score_display_settings       [   0.21423] Score is : 726
display  D   display_settings.c:214  debug_display_settings           [   0.21431] color: 16 (rgba 5650), depth: 24, stencil: 0, acc: 0000, samples: 3/1
display  D   display_settings.c:529  _al_score_display_settings       [   0.21438] Score is : 721
display  D   display_settings.c:214  debug_display_settings           [   0.21446] color: 16 (rgba 5650), depth: 24, stencil: 0, acc: 0000, samples: 4/1
display  D   display_settings.c:529  _al_score_display_settings       [   0.21453] Score is : 717
display  D   display_settings.c:214  debug_display_settings           [   0.21460] color: 16 (rgba 5650), depth: 16, stencil: 0, acc: 0000, samples: 0/0
display  D   display_settings.c:529  _al_score_display_settings       [   0.21468] Score is : 897
display  D   display_settings.c:214  debug_display_settings           [   0.21474] color: 16 (rgba 5650), depth: 16, stencil: 0, acc: 0000, samples: 0/0
display  D   display_settings.c:529  _al_score_display_settings       [   0.21481] Score is : 897
display  D   display_settings.c:214  debug_display_settings           [   0.21486] color: 16 (rgba 5650), depth: 16, stencil: 0, acc: 0000, samples: 2/1
display  D   display_settings.c:529  _al_score_display_settings       [   0.21493] Score is : 726
display  D   display_settings.c:214  debug_display_settings           [   0.21499] color: 16 (rgba 5650), depth: 16, stencil: 0, acc: 0000, samples: 3/1
display  D   display_settings.c:529  _al_score_display_settings       [   0.21506] Score is : 721
display  D   display_settings.c:214  debug_display_settings           [   0.21514] color: 16 (rgba 5650), depth: 16, stencil: 0, acc: 0000, samples: 4/1
display  D   display_settings.c:529  _al_score_display_settings       [   0.21522] Score is : 717
display  D   display_settings.c:214  debug_display_settings           [   0.21529] color: 32 (rgba 8880), depth: 0, stencil: 0, acc: 0000, samples: 0/0
display  D   display_settings.c:400  _al_score_display_settings       [   0.21538] Single Buffer requirement not met.
display  D   display_settings.c:214  debug_display_settings           [   0.21545] color: 32 (rgba 8880), depth: 0, stencil: 0, acc: 0000, samples: 0/0
display  D   display_settings.c:400  _al_score_display_settings       [   0.21553] Single Buffer requirement not met.
display  D   display_settings.c:214  debug_display_settings           [   0.21559] color: 32 (rgba 8880), depth: 0, stencil: 0, acc: 0000, samples: 2/1
display  D   display_settings.c:400  _al_score_display_settings       [   0.21567] Single Buffer requirement not met.
display  D   display_settings.c:214  debug_display_settings           [   0.21573] color: 32 (rgba 8880), depth: 0, stencil: 0, acc: 0000, samples: 3/1
display  D   display_settings.c:400  _al_score_display_settings       [   0.21581] Single Buffer requirement not met.
display  D   display_settings.c:214  debug_display_settings           [   0.21588] color: 32 (rgba 8880), depth: 0, stencil: 0, acc: 0000, samples: 4/1
display  D   display_settings.c:400  _al_score_display_settings       [   0.21597] Single Buffer requirement not met.
display  D   display_settings.c:214  debug_display_settings           [   0.21605] color: 32 (rgba 8880), depth: 24, stencil: 8, acc: 0000, samples: 0/0
display  D   display_settings.c:400  _al_score_display_settings       [   0.21613] Single Buffer requirement not met.
display  D   display_settings.c:214  debug_display_settings           [   0.21621] color: 32 (rgba 8880), depth: 24, stencil: 8, acc: 0000, samples: 0/0
display  D   display_settings.c:400  _al_score_display_settings       [   0.21628] Single Buffer requirement not met.
display  D   display_settings.c:214  debug_display_settings           [   0.21634] color: 32 (rgba 8880), depth: 24, stencil: 8, acc: 0000, samples: 2/1
display  D   display_settings.c:400  _al_score_display_settings       [   0.21642] Single Buffer requirement not met.
display  D   display_settings.c:214  debug_display_settings           [   0.21649] color: 32 (rgba 8880), depth: 24, stencil: 8, acc: 0000, samples: 3/1
display  D   display_settings.c:400  _al_score_display_settings       [   0.21665] Single Buffer requirement not met.
display  D   display_settings.c:214  debug_display_settings           [   0.21673] color: 32 (rgba 8880), depth: 24, stencil: 8, acc: 0000, samples: 4/1
display  D   display_settings.c:400  _al_score_display_settings       [   0.21681] Single Buffer requirement not met.
display  D   display_settings.c:214  debug_display_settings           [   0.21689] color: 32 (rgba 8880), depth: 24, stencil: 0, acc: 0000, samples: 0/0
display  D   display_settings.c:400  _al_score_display_settings       [   0.21695] Single Buffer requirement not met.
display  D   display_settings.c:214  debug_display_settings           [   0.21702] color: 32 (rgba 8880), depth: 24, stencil: 0, acc: 0000, samples: 0/0
display  D   display_settings.c:400  _al_score_display_settings       [   0.21710] Single Buffer requirement not met.
display  D   display_settings.c:214  debug_display_settings           [   0.21717] color: 32 (rgba 8880), depth: 24, stencil: 0, acc: 0000, samples: 2/1
display  D   display_settings.c:400  _al_score_display_settings       [   0.21724] Single Buffer requirement not met.
display  D   display_settings.c:214  debug_display_settings           [   0.21731] color: 32 (rgba 8880), depth: 24, stencil: 0, acc: 0000, samples: 3/1
display  D   display_settings.c:400  _al_score_display_settings       [   0.21738] Single Buffer requirement not met.
display  D   display_settings.c:214  debug_display_settings           [   0.21745] color: 32 (rgba 8880), depth: 24, stencil: 0, acc: 0000, samples: 4/1
display  D   display_settings.c:400  _al_score_display_settings       [   0.21754] Single Buffer requirement not met.
display  D   display_settings.c:214  debug_display_settings           [   0.21762] color: 32 (rgba 8880), depth: 16, stencil: 0, acc: 0000, samples: 0/0
display  D   display_settings.c:400  _al_score_display_settings       [   0.21770] Single Buffer requirement not met.
display  D   display_settings.c:214  debug_display_settings           [   0.21777] color: 32 (rgba 8880), depth: 16, stencil: 0, acc: 0000, samples: 0/0
display  D   display_settings.c:400  _al_score_display_settings       [   0.21786] Single Buffer requirement not met.
display  D   display_settings.c:214  debug_display_settings           [   0.21792] color: 32 (rgba 8880), depth: 16, stencil: 0, acc: 0000, samples: 2/1
display  D   display_settings.c:400  _al_score_display_settings       [   0.21799] Single Buffer requirement not met.
display  D   display_settings.c:214  debug_display_settings           [   0.21807] color: 32 (rgba 8880), depth: 16, stencil: 0, acc: 0000, samples: 3/1
display  D   display_settings.c:400  _al_score_display_settings       [   0.21815] Single Buffer requirement not met.
display  D   display_settings.c:214  debug_display_settings           [   0.21822] color: 32 (rgba 8880), depth: 16, stencil: 0, acc: 0000, samples: 4/1
display  D   display_settings.c:400  _al_score_display_settings       [   0.21829] Single Buffer requirement not met.
display  D   display_settings.c:214  debug_display_settings           [   0.21837] color: 16 (rgba 5650), depth: 0, stencil: 0, acc: 0000, samples: 0/0
display  D   display_settings.c:400  _al_score_display_settings       [   0.21845] Single Buffer requirement not met.
display  D   display_settings.c:214  debug_display_settings           [   0.21852] color: 16 (rgba 5650), depth: 0, stencil: 0, acc: 0000, samples: 0/0
display  D   display_settings.c:400  _al_score_display_settings       [   0.21860] Single Buffer requirement not met.
display  D   display_settings.c:214  debug_display_settings           [   0.21868] color: 16 (rgba 5650), depth: 0, stencil: 0, acc: 0000, samples: 2/1
display  D   display_settings.c:400  _al_score_display_settings       [   0.21876] Single Buffer requirement not met.
display  D   display_settings.c:214  debug_display_settings           [   0.21882] color: 16 (rgba 5650), depth: 0, stencil: 0, acc: 0000, samples: 3/1
display  D   display_settings.c:400  _al_score_display_settings       [   0.21894] Single Buffer requirement not met.
display  D   display_settings.c:214  debug_display_settings           [   0.21904] color: 16 (rgba 5650), depth: 0, stencil: 0, acc: 0000, samples: 4/1
display  D   display_settings.c:400  _al_score_display_settings       [   0.21916] Single Buffer requirement not met.
display  D   display_settings.c:214  debug_display_settings           [   0.21923] color: 16 (rgba 5650), depth: 24, stencil: 8, acc: 0000, samples: 0/0
display  D   display_settings.c:400  _al_score_display_settings       [   0.21930] Single Buffer requirement not met.
display  D   display_settings.c:214  debug_display_settings           [   0.21938] color: 16 (rgba 5650), depth: 24, stencil: 8, acc: 0000, samples: 0/0
display  D   display_settings.c:400  _al_score_display_settings       [   0.21960] Single Buffer requirement not met.
display  D   display_settings.c:214  debug_display_settings           [   0.21976] color: 16 (rgba 5650), depth: 24, stencil: 8, acc: 0000, samples: 2/1
display  D   display_settings.c:400  _al_score_display_settings       [   0.21997] Single Buffer requirement not met.
display  D   display_settings.c:214  debug_display_settings           [   0.22005] color: 16 (rgba 5650), depth: 24, stencil: 8, acc: 0000, samples: 3/1
display  D   display_settings.c:400  _al_score_display_settings       [   0.22012] Single Buffer requirement not met.
display  D   display_settings.c:214  debug_display_settings           [   0.22021] color: 16 (rgba 5650), depth: 24, stencil: 8, acc: 0000, samples: 4/1
display  D   display_settings.c:400  _al_score_display_settings       [   0.22030] Single Buffer requirement not met.
display  D   display_settings.c:214  debug_display_settings           [   0.22038] color: 16 (rgba 5650), depth: 24, stencil: 0, acc: 0000, samples: 0/0
display  D   display_settings.c:400  _al_score_display_settings       [   0.22048] Single Buffer requirement not met.
display  D   display_settings.c:214  debug_display_settings           [   0.22056] color: 16 (rgba 5650), depth: 24, stencil: 0, acc: 0000, samples: 0/0
display  D   display_settings.c:400  _al_score_display_settings       [   0.22065] Single Buffer requirement not met.
display  D   display_settings.c:214  debug_display_settings           [   0.22072] color: 16 (rgba 5650), depth: 24, stencil: 0, acc: 0000, samples: 2/1
display  D   display_settings.c:400  _al_score_display_settings       [   0.22080] Single Buffer requirement not met.
display  D   display_settings.c:214  debug_display_settings           [   0.22088] color: 16 (rgba 5650), depth: 24, stencil: 0, acc: 0000, samples: 3/1
display  D   display_settings.c:400  _al_score_display_settings       [   0.22095] Single Buffer requirement not met.
display  D   display_settings.c:214  debug_display_settings           [   0.22102] color: 16 (rgba 5650), depth: 24, stencil: 0, acc: 0000, samples: 4/1
display  D   display_settings.c:400  _al_score_display_settings       [   0.22110] Single Buffer requirement not met.
display  D   display_settings.c:214  debug_display_settings           [   0.22117] color: 16 (rgba 5650), depth: 16, stencil: 0, acc: 0000, samples: 0/0
display  D   display_settings.c:400  _al_score_display_settings       [   0.22159] Single Buffer requirement not met.
display  D   display_settings.c:214  debug_display_settings           [   0.22169] color: 16 (rgba 5650), depth: 16, stencil: 0, acc: 0000, samples: 0/0
display  D   display_settings.c:400  _al_score_display_settings       [   0.22177] Single Buffer requirement not met.
display  D   display_settings.c:214  debug_display_settings           [   0.22184] color: 16 (rgba 5650), depth: 16, stencil: 0, acc: 0000, samples: 2/1
display  D   display_settings.c:400  _al_score_display_settings       [   0.22192] Single Buffer requirement not met.
display  D   display_settings.c:214  debug_display_settings           [   0.22200] color: 16 (rgba 5650), depth: 16, stencil: 0, acc: 0000, samples: 3/1
display  D   display_settings.c:400  _al_score_display_settings       [   0.22208] Single Buffer requirement not met.
display  D   display_settings.c:214  debug_display_settings           [   0.22216] color: 16 (rgba 5650), depth: 16, stencil: 0, acc: 0000, samples: 4/1
display  D   display_settings.c:400  _al_score_display_settings       [   0.22225] Single Buffer requirement not met.
display  D   display_settings.c:214  debug_display_settings           [   0.22235] color: 32 (rgba 8880), depth: 0, stencil: 0, acc: 0000, samples: 0/0
display  D   display_settings.c:529  _al_score_display_settings       [   0.22245] Score is : 769
display  D   display_settings.c:214  debug_display_settings           [   0.22254] color: 32 (rgba 8880), depth: 0, stencil: 0, acc: 0000, samples: 0/0
display  D   display_settings.c:529  _al_score_display_settings       [   0.22263] Score is : 769
display  D   display_settings.c:214  debug_display_settings           [   0.22270] color: 32 (rgba 8880), depth: 0, stencil: 0, acc: 0000, samples: 2/1
display  D   display_settings.c:529  _al_score_display_settings       [   0.22278] Score is : 598
display  D   display_settings.c:214  debug_display_settings           [   0.22285] color: 32 (rgba 8880), depth: 0, stencil: 0, acc: 0000, samples: 3/1
display  D   display_settings.c:529  _al_score_display_settings       [   0.22291] Score is : 593
display  D   display_settings.c:214  debug_display_settings           [   0.22298] color: 32 (rgba 8880), depth: 0, stencil: 0, acc: 0000, samples: 4/1
display  D   display_settings.c:529  _al_score_display_settings       [   0.22305] Score is : 589
display  D   display_settings.c:214  debug_display_settings           [   0.22311] color: 32 (rgba 8880), depth: 24, stencil: 8, acc: 0000, samples: 0/0
display  D   display_settings.c:529  _al_score_display_settings       [   0.22317] Score is : 769
display  D   display_settings.c:214  debug_display_settings           [   0.22324] color: 32 (rgba 8880), depth: 24, stencil: 8, acc: 0000, samples: 0/0
display  D   display_settings.c:529  _al_score_display_settings       [   0.22332] Score is : 769
display  D   display_settings.c:214  debug_display_settings           [   0.22338] color: 32 (rgba 8880), depth: 24, stencil: 8, acc: 0000, samples: 2/1
display  D   display_settings.c:529  _al_score_display_settings       [   0.22345] Score is : 598
display  D   display_settings.c:214  debug_display_settings           [   0.22350] color: 32 (rgba 8880), depth: 24, stencil: 8, acc: 0000, samples: 3/1
display  D   display_settings.c:529  _al_score_display_settings       [   0.22357] Score is : 593
display  D   display_settings.c:214  debug_display_settings           [   0.22365] color: 32 (rgba 8880), depth: 24, stencil: 8, acc: 0000, samples: 4/1
display  D   display_settings.c:529  _al_score_display_settings       [   0.22372] Score is : 589
display  D   display_settings.c:214  debug_display_settings           [   0.22378] color: 32 (rgba 8880), depth: 24, stencil: 0, acc: 0000, samples: 0/0
display  D   display_settings.c:529  _al_score_display_settings       [   0.22384] Score is : 769
display  D   display_settings.c:214  debug_display_settings           [   0.22390] color: 32 (rgba 8880), depth: 24, stencil: 0, acc: 0000, samples: 0/0
display  D   display_settings.c:529  _al_score_display_settings       [   0.22397] Score is : 769
display  D   display_settings.c:214  debug_display_settings           [   0.22403] color: 32 (rgba 8880), depth: 24, stencil: 0, acc: 0000, samples: 2/1
display  D   display_settings.c:529  _al_score_display_settings       [   0.22412] Score is : 598
display  D   display_settings.c:214  debug_display_settings           [   0.22418] color: 32 (rgba 8880), depth: 24, stencil: 0, acc: 0000, samples: 3/1
display  D   display_settings.c:529  _al_score_display_settings       [   0.22425] Score is : 593
display  D   display_settings.c:214  debug_display_settings           [   0.22432] color: 32 (rgba 8880), depth: 24, stencil: 0, acc: 0000, samples: 4/1
display  D   display_settings.c:529  _al_score_display_settings       [   0.22439] Score is : 589
display  D   display_settings.c:214  debug_display_settings           [   0.22446] color: 32 (rgba 8880), depth: 16, stencil: 0, acc: 0000, samples: 0/0
display  D   display_settings.c:529  _al_score_display_settings       [   0.22452] Score is : 769
display  D   display_settings.c:214  debug_display_settings           [   0.22458] color: 32 (rgba 8880), depth: 16, stencil: 0, acc: 0000, samples: 0/0
display  D   display_settings.c:529  _al_score_display_settings       [   0.22464] Score is : 769
display  D   display_settings.c:214  debug_display_settings           [   0.22470] color: 32 (rgba 8880), depth: 16, stencil: 0, acc: 0000, samples: 2/1
display  D   display_settings.c:529  _al_score_display_settings       [   0.22477] Score is : 598
display  D   display_settings.c:214  debug_display_settings           [   0.22483] color: 32 (rgba 8880), depth: 16, stencil: 0, acc: 0000, samples: 3/1
display  D   display_settings.c:529  _al_score_display_settings       [   0.22490] Score is : 593
display  D   display_settings.c:214  debug_display_settings           [   0.22495] color: 32 (rgba 8880), depth: 16, stencil: 0, acc: 0000, samples: 4/1
display  D   display_settings.c:529  _al_score_display_settings       [   0.22502] Score is : 589
display  D   display_settings.c:214  debug_display_settings           [   0.22508] color: 16 (rgba 5650), depth: 0, stencil: 0, acc: 0000, samples: 0/0
display  D   display_settings.c:529  _al_score_display_settings       [   0.22515] Score is : 769
display  D   display_settings.c:214  debug_display_settings           [   0.22521] color: 16 (rgba 5650), depth: 0, stencil: 0, acc: 0000, samples: 0/0
display  D   display_settings.c:529  _al_score_display_settings       [   0.22527] Score is : 769
display  D   display_settings.c:214  debug_display_settings           [   0.22533] color: 16 (rgba 5650), depth: 0, stencil: 0, acc: 0000, samples: 2/1
display  D   display_settings.c:529  _al_score_display_settings       [   0.22539] Score is : 598
display  D   display_settings.c:214  debug_display_settings           [   0.22547] color: 16 (rgba 5650), depth: 0, stencil: 0, acc: 0000, samples: 3/1
display  D   display_settings.c:529  _al_score_display_settings       [   0.22554] Score is : 593
display  D   display_settings.c:214  debug_display_settings           [   0.22562] color: 16 (rgba 5650), depth: 0, stencil: 0, acc: 0000, samples: 4/1
display  D   display_settings.c:529  _al_score_display_settings       [   0.22570] Score is : 589
display  D   display_settings.c:214  debug_display_settings           [   0.22586] color: 16 (rgba 5650), depth: 24, stencil: 8, acc: 0000, samples: 0/0
display  D   display_settings.c:529  _al_score_display_settings       [   0.22596] Score is : 769
display  D   display_settings.c:214  debug_display_settings           [   0.22602] color: 16 (rgba 5650), depth: 24, stencil: 8, acc: 0000, samples: 0/0
display  D   display_settings.c:529  _al_score_display_settings       [   0.22610] Score is : 769
display  D   display_settings.c:214  debug_display_settings           [   0.22616] color: 16 (rgba 5650), depth: 24, stencil: 8, acc: 0000, samples: 2/1
display  D   display_settings.c:529  _al_score_display_settings       [   0.22623] Score is : 598
display  D   display_settings.c:214  debug_display_settings           [   0.22631] color: 16 (rgba 5650), depth: 24, stencil: 8, acc: 0000, samples: 3/1
display  D   display_settings.c:529  _al_score_display_settings       [   0.22639] Score is : 593
display  D   display_settings.c:214  debug_display_settings           [   0.22647] color: 16 (rgba 5650), depth: 24, stencil: 8, acc: 0000, samples: 4/1
display  D   display_settings.c:529  _al_score_display_settings       [   0.22657] Score is : 589
display  D   display_settings.c:214  debug_display_settings           [   0.22665] color: 16 (rgba 5650), depth: 24, stencil: 0, acc: 0000, samples: 0/0
display  D   display_settings.c:529  _al_score_display_settings       [   0.22673] Score is : 769
display  D   display_settings.c:214  debug_display_settings           [   0.22691] color: 16 (rgba 5650), depth: 24, stencil: 0, acc: 0000, samples: 0/0
display  D   display_settings.c:529  _al_score_display_settings       [   0.22699] Score is : 769
display  D   display_settings.c:214  debug_display_settings           [   0.22708] color: 16 (rgba 5650), depth: 24, stencil: 0, acc: 0000, samples: 2/1
display  D   display_settings.c:529  _al_score_display_settings       [   0.22716] Score is : 598
display  D   display_settings.c:214  debug_display_settings           [   0.22727] color: 16 (rgba 5650), depth: 24, stencil: 0, acc: 0000, samples: 3/1
display  D   display_settings.c:529  _al_score_display_settings       [   0.22739] Score is : 593
display  D   display_settings.c:214  debug_display_settings           [   0.22747] color: 16 (rgba 5650), depth: 24, stencil: 0, acc: 0000, samples: 4/1
display  D   display_settings.c:529  _al_score_display_settings       [   0.22763] Score is : 589
display  D   display_settings.c:214  debug_display_settings           [   0.22801] color: 16 (rgba 5650), depth: 16, stencil: 0, acc: 0000, samples: 0/0
display  D   display_settings.c:529  _al_score_display_settings       [   0.22823] Score is : 769
display  D   display_settings.c:214  debug_display_settings           [   0.22833] color: 16 (rgba 5650), depth: 16, stencil: 0, acc: 0000, samples: 0/0
display  D   display_settings.c:529  _al_score_display_settings       [   0.22841] Score is : 769
display  D   display_settings.c:214  debug_display_settings           [   0.22848] color: 16 (rgba 5650), depth: 16, stencil: 0, acc: 0000, samples: 2/1
display  D   display_settings.c:529  _al_score_display_settings       [   0.22857] Score is : 598
display  D   display_settings.c:214  debug_display_settings           [   0.22895] color: 16 (rgba 5650), depth: 16, stencil: 0, acc: 0000, samples: 3/1
display  D   display_settings.c:529  _al_score_display_settings       [   0.22911] Score is : 593
display  D   display_settings.c:214  debug_display_settings           [   0.22930] color: 16 (rgba 5650), depth: 16, stencil: 0, acc: 0000, samples: 4/1
display  D   display_settings.c:529  _al_score_display_settings       [   0.22945] Score is : 589
display  D   display_settings.c:214  debug_display_settings           [   0.22954] color: 32 (rgba 8880), depth: 0, stencil: 0, acc: 0000, samples: 0/0
display  D   display_settings.c:400  _al_score_display_settings       [   0.22961] Single Buffer requirement not met.
display  D   display_settings.c:214  debug_display_settings           [   0.22969] color: 32 (rgba 8880), depth: 0, stencil: 0, acc: 0000, samples: 0/0
display  D   display_settings.c:400  _al_score_display_settings       [   0.22976] Single Buffer requirement not met.
display  D   display_settings.c:214  debug_display_settings           [   0.22983] color: 32 (rgba 8880), depth: 0, stencil: 0, acc: 0000, samples: 2/1
display  D   display_settings.c:400  _al_score_display_settings       [   0.22991] Single Buffer requirement not met.
display  D   display_settings.c:214  debug_display_settings           [   0.22998] color: 32 (rgba 8880), depth: 0, stencil: 0, acc: 0000, samples: 3/1
display  D   display_settings.c:400  _al_score_display_settings       [   0.23005] Single Buffer requirement not met.
display  D   display_settings.c:214  debug_display_settings           [   0.23013] color: 32 (rgba 8880), depth: 0, stencil: 0, acc: 0000, samples: 4/1
display  D   display_settings.c:400  _al_score_display_settings       [   0.23020] Single Buffer requirement not met.
display  D   display_settings.c:214  debug_display_settings           [   0.23027] color: 32 (rgba 8880), depth: 24, stencil: 8, acc: 0000, samples: 0/0
display  D   display_settings.c:400  _al_score_display_settings       [   0.23035] Single Buffer requirement not met.
display  D   display_settings.c:214  debug_display_settings           [   0.23041] color: 32 (rgba 8880), depth: 24, stencil: 8, acc: 0000, samples: 0/0
display  D   display_settings.c:400  _al_score_display_settings       [   0.23049] Single Buffer requirement not met.
display  D   display_settings.c:214  debug_display_settings           [   0.23057] color: 32 (rgba 8880), depth: 24, stencil: 8, acc: 0000, samples: 2/1
display  D   display_settings.c:400  _al_score_display_settings       [   0.23064] Single Buffer requirement not met.
display  D   display_settings.c:214  debug_display_settings           [   0.23071] color: 32 (rgba 8880), depth: 24, stencil: 8, acc: 0000, samples: 3/1
display  D   display_settings.c:400  _al_score_display_settings       [   0.23078] Single Buffer requirement not met.
display  D   display_settings.c:214  debug_display_settings           [   0.23086] color: 32 (rgba 8880), depth: 24, stencil: 8, acc: 0000, samples: 4/1
display  D   display_settings.c:400  _al_score_display_settings       [   0.23093] Single Buffer requirement not met.
display  D   display_settings.c:214  debug_display_settings           [   0.23101] color: 32 (rgba 8880), depth: 24, stencil: 0, acc: 0000, samples: 0/0
display  D   display_settings.c:400  _al_score_display_settings       [   0.23109] Single Buffer requirement not met.
display  D   display_settings.c:214  debug_display_settings           [   0.23117] color: 32 (rgba 8880), depth: 24, stencil: 0, acc: 0000, samples: 0/0
display  D   display_settings.c:400  _al_score_display_settings       [   0.23125] Single Buffer requirement not met.
display  D   display_settings.c:214  debug_display_settings           [   0.23132] color: 32 (rgba 8880), depth: 24, stencil: 0, acc: 0000, samples: 2/1
display  D   display_settings.c:400  _al_score_display_settings       [   0.23139] Single Buffer requirement not met.
display  D   display_settings.c:214  debug_display_settings           [   0.23146] color: 32 (rgba 8880), depth: 24, stencil: 0, acc: 0000, samples: 3/1
display  D   display_settings.c:400  _al_score_display_settings       [   0.23152] Single Buffer requirement not met.
display  D   display_settings.c:214  debug_display_settings           [   0.23158] color: 32 (rgba 8880), depth: 24, stencil: 0, acc: 0000, samples: 4/1
display  D   display_settings.c:400  _al_score_display_settings       [   0.23164] Single Buffer requirement not met.
display  D   display_settings.c:214  debug_display_settings           [   0.23170] color: 32 (rgba 8880), depth: 16, stencil: 0, acc: 0000, samples: 0/0
display  D   display_settings.c:400  _al_score_display_settings       [   0.23176] Single Buffer requirement not met.
display  D   display_settings.c:214  debug_display_settings           [   0.23182] color: 32 (rgba 8880), depth: 16, stencil: 0, acc: 0000, samples: 0/0
display  D   display_settings.c:400  _al_score_display_settings       [   0.23188] Single Buffer requirement not met.
display  D   display_settings.c:214  debug_display_settings           [   0.23193] color: 32 (rgba 8880), depth: 16, stencil: 0, acc: 0000, samples: 2/1
display  D   display_settings.c:400  _al_score_display_settings       [   0.23199] Single Buffer requirement not met.
display  D   display_settings.c:214  debug_display_settings           [   0.23205] color: 32 (rgba 8880), depth: 16, stencil: 0, acc: 0000, samples: 3/1
display  D   display_settings.c:400  _al_score_display_settings       [   0.23211] Single Buffer requirement not met.
display  D   display_settings.c:214  debug_display_settings           [   0.23217] color: 32 (rgba 8880), depth: 16, stencil: 0, acc: 0000, samples: 4/1
display  D   display_settings.c:400  _al_score_display_settings       [   0.23224] Single Buffer requirement not met.
display  D   display_settings.c:214  debug_display_settings           [   0.23230] color: 16 (rgba 5650), depth: 0, stencil: 0, acc: 0000, samples: 0/0
display  D   display_settings.c:400  _al_score_display_settings       [   0.23236] Single Buffer requirement not met.
display  D   display_settings.c:214  debug_display_settings           [   0.23242] color: 16 (rgba 5650), depth: 0, stencil: 0, acc: 0000, samples: 0/0
display  D   display_settings.c:400  _al_score_display_settings       [   0.23250] Single Buffer requirement not met.
display  D   display_settings.c:214  debug_display_settings           [   0.23257] color: 16 (rgba 5650), depth: 0, stencil: 0, acc: 0000, samples: 2/1
display  D   display_settings.c:400  _al_score_display_settings       [   0.23266] Single Buffer requirement not met.
display  D   display_settings.c:214  debug_display_settings           [   0.23280] color: 16 (rgba 5650), depth: 0, stencil: 0, acc: 0000, samples: 3/1
display  D   display_settings.c:400  _al_score_display_settings       [   0.23290] Single Buffer requirement not met.
display  D   display_settings.c:214  debug_display_settings           [   0.23299] color: 16 (rgba 5650), depth: 0, stencil: 0, acc: 0000, samples: 4/1
display  D   display_settings.c:400  _al_score_display_settings       [   0.23308] Single Buffer requirement not met.
display  D   display_settings.c:214  debug_display_settings           [   0.23314] color: 16 (rgba 5650), depth: 24, stencil: 8, acc: 0000, samples: 0/0
display  D   display_settings.c:400  _al_score_display_settings       [   0.23327] Single Buffer requirement not met.
display  D   display_settings.c:214  debug_display_settings           [   0.23349] color: 16 (rgba 5650), depth: 24, stencil: 8, acc: 0000, samples: 0/0
display  D   display_settings.c:400  _al_score_display_settings       [   0.23370] Single Buffer requirement not met.
display  D   display_settings.c:214  debug_display_settings           [   0.23379] color: 16 (rgba 5650), depth: 24, stencil: 8, acc: 0000, samples: 2/1
display  D   display_settings.c:400  _al_score_display_settings       [   0.23388] Single Buffer requirement not met.
display  D   display_settings.c:214  debug_display_settings           [   0.23397] color: 16 (rgba 5650), depth: 24, stencil: 8, acc: 0000, samples: 3/1
display  D   display_settings.c:400  _al_score_display_settings       [   0.23410] Single Buffer requirement not met.
display  D   display_settings.c:214  debug_display_settings           [   0.23418] color: 16 (rgba 5650), depth: 24, stencil: 8, acc: 0000, samples: 4/1
display  D   display_settings.c:400  _al_score_display_settings       [   0.23426] Single Buffer requirement not met.
display  D   display_settings.c:214  debug_display_settings           [   0.23433] color: 16 (rgba 5650), depth: 24, stencil: 0, acc: 0000, samples: 0/0
display  D   display_settings.c:400  _al_score_display_settings       [   0.23441] Single Buffer requirement not met.
display  D   display_settings.c:214  debug_display_settings           [   0.23447] color: 16 (rgba 5650), depth: 24, stencil: 0, acc: 0000, samples: 0/0
display  D   display_settings.c:400  _al_score_display_settings       [   0.23457] Single Buffer requirement not met.
display  D   display_settings.c:214  debug_display_settings           [   0.23467] color: 16 (rgba 5650), depth: 24, stencil: 0, acc: 0000, samples: 2/1
display  D   display_settings.c:400  _al_score_display_settings       [   0.23475] Single Buffer requirement not met.
display  D   display_settings.c:214  debug_display_settings           [   0.23484] color: 16 (rgba 5650), depth: 24, stencil: 0, acc: 0000, samples: 3/1
display  D   display_settings.c:400  _al_score_display_settings       [   0.23492] Single Buffer requirement not met.
display  D   display_settings.c:214  debug_display_settings           [   0.23499] color: 16 (rgba 5650), depth: 24, stencil: 0, acc: 0000, samples: 4/1
display  D   display_settings.c:400  _al_score_display_settings       [   0.23508] Single Buffer requirement not met.
display  D   display_settings.c:214  debug_display_settings           [   0.23516] color: 16 (rgba 5650), depth: 16, stencil: 0, acc: 0000, samples: 0/0
display  D   display_settings.c:400  _al_score_display_settings       [   0.23524] Single Buffer requirement not met.
display  D   display_settings.c:214  debug_display_settings           [   0.23530] color: 16 (rgba 5650), depth: 16, stencil: 0, acc: 0000, samples: 0/0
display  D   display_settings.c:400  _al_score_display_settings       [   0.23537] Single Buffer requirement not met.
display  D   display_settings.c:214  debug_display_settings           [   0.23544] color: 16 (rgba 5650), depth: 16, stencil: 0, acc: 0000, samples: 2/1
display  D   display_settings.c:400  _al_score_display_settings       [   0.23551] Single Buffer requirement not met.
display  D   display_settings.c:214  debug_display_settings           [   0.23559] color: 16 (rgba 5650), depth: 16, stencil: 0, acc: 0000, samples: 3/1
display  D   display_settings.c:400  _al_score_display_settings       [   0.23567] Single Buffer requirement not met.
display  D   display_settings.c:214  debug_display_settings           [   0.23574] color: 16 (rgba 5650), depth: 16, stencil: 0, acc: 0000, samples: 4/1
display  D   display_settings.c:400  _al_score_display_settings       [   0.23581] Single Buffer requirement not met.
d3d      D         d3d_disp.cpp:1677 d3d_create_display_internals     [   0.23595] Trying format 0.
d3d      I         d3d_disp.cpp:1353 d3d_display_thread_proc          [   0.23676] Chose a display format: 23
d3d      I         d3d_disp.cpp:1422 d3d_display_thread_proc          [   0.23683] Normal window.
d3d      I         d3d_disp.cpp:786  d3d_create_device                [   0.26035] Using no depth stencil buffer
d3d      D         d3d_disp.cpp:848  d3d_create_device                [   0.37411] BeginScene succeeded in create_device
d3d      D         d3d_disp.cpp:856  d3d_create_device                [   0.37432] Success
d3d      D         d3d_disp.cpp:1703 d3d_create_display_internals     [   0.37446] Resumed after wait.
d3d      I         d3d_disp.cpp:1736 d3d_create_display_internals     [   0.37462] Format 0 succeeded.
d3d      D         d3d_disp.cpp:1767 d3d_create_display_internals     [   0.37477] Returning d3d_display: 000001CA8207ED60
d3d      D         d3d_disp.cpp:1792 d3d_create_display_locked        [   0.37510] al_display=000001CA8207ED60
d3d      D         d3d_disp.cpp:1793 d3d_create_display_locked        [   0.37537] al_display->vt=000001CA84B10280
system   D            wsystem.c:834  maybe_parent_dir                 [   0.37578] Also searching C:\Users\Gusta\source\repos\pi\x64\
system   D            wsystem.c:889  _al_win_safe_load_library        [   0.37616] PathFindOnPath found: C:\WINDOWS\system32\d3dx9_43.dll
system   D            wsystem.c:795  load_library_at_path             [   0.37628] Calling LoadLibrary C:\WINDOWS\system32\d3dx9_43.dll
system   I            wsystem.c:798  load_library_at_path             [   0.37867] Loaded C:\WINDOWS\system32\d3dx9_43.dll
d3dx9    I        d3d_d3dx9.cpp:88   _imp_load_d3dx9_module_version   [   0.37953] Module "d3dx9_43.dll" loaded.
stdio    D         file_stdio.c:110  file_stdio_fopen                 [   0.37986] opening palmas.wav rb
stdio    D         file_stdio.c:110  file_stdio_fopen                 [   0.38107] opening palmas.wav rb
wav      E                wav.c:310  _al_load_wav                     [   0.38144] Unable to open palmas.wav for reading.
stdio    D         file_stdio.c:110  file_stdio_fopen                 [   0.38176] opening spaceship.png rb
stdio    D         file_stdio.c:110  file_stdio_fopen                 [   0.38286] opening spaceship.png rb
d3d      D         d3d_disp.cpp:1197 real_choose_bitmap_format        [   0.38326] Fake format
d3d      D         d3d_disp.cpp:1197 real_choose_bitmap_format        [   0.38335] Fake format
d3d      D         d3d_disp.cpp:1197 real_choose_bitmap_format        [   0.38342] Fake format
d3d      D         d3d_disp.cpp:1197 real_choose_bitmap_format        [   0.38349] Fake format
d3d      D         d3d_disp.cpp:1197 real_choose_bitmap_format        [   0.38356] Fake format
d3d      D         d3d_disp.cpp:1197 real_choose_bitmap_format        [   0.38363] Fake format
d3d      D         d3d_disp.cpp:1197 real_choose_bitmap_format        [   0.38368] Fake format
d3d      D         d3d_disp.cpp:1197 real_choose_bitmap_format        [   0.38376] Fake format
d3d      D         d3d_disp.cpp:1197 real_choose_bitmap_format        [   0.38386] Fake format
d3d      D         d3d_disp.cpp:1205 real_choose_bitmap_format        [   0.38396] Alpha doesn't match
d3d      D         d3d_disp.cpp:1212 real_choose_bitmap_format        [   0.38427] Adapter format is 23
d3d      D         d3d_disp.cpp:1215 real_choose_bitmap_format        [   0.38436] Found a format
d3d      I         d3d_disp.cpp:2388 d3d_create_bitmap                [   0.38456] Chose bitmap format 9
dtor     D               dtor.c:196  _al_register_destructor          [   0.38563] added dtor for bitmap 000001CA8904ADE0, func 00007FFF4385118B
stdio    D         file_stdio.c:110  file_stdio_fopen                 [   0.38669] opening metheor.png rb
stdio    D         file_stdio.c:110  file_stdio_fopen                 [   0.38709] opening metheor.png rb
d3d      D         d3d_disp.cpp:1197 real_choose_bitmap_format        [   0.38751] Fake format
d3d      D         d3d_disp.cpp:1197 real_choose_bitmap_format        [   0.38762] Fake format
d3d      D         d3d_disp.cpp:1197 real_choose_bitmap_format        [   0.38768] Fake format
d3d      D         d3d_disp.cpp:1197 real_choose_bitmap_format        [   0.38775] Fake format
d3d      D         d3d_disp.cpp:1197 real_choose_bitmap_format        [   0.38783] Fake format
d3d      D         d3d_disp.cpp:1197 real_choose_bitmap_format        [   0.38793] Fake format
d3d      D         d3d_disp.cpp:1197 real_choose_bitmap_format        [   0.38801] Fake format
d3d      D         d3d_disp.cpp:1197 real_choose_bitmap_format        [   0.38814] Fake format
d3d      D         d3d_disp.cpp:1197 real_choose_bitmap_format        [   0.38822] Fake format
d3d      D         d3d_disp.cpp:1205 real_choose_bitmap_format        [   0.38834] Alpha doesn't match
d3d      D         d3d_disp.cpp:1212 real_choose_bitmap_format        [   0.38845] Adapter format is 23
d3d      D         d3d_disp.cpp:1215 real_choose_bitmap_format        [   0.38857] Found a format
d3d      I         d3d_disp.cpp:2388 d3d_create_bitmap                [   0.38865] Chose bitmap format 9
dtor     D               dtor.c:196  _al_register_destructor          [   0.38929] added dtor for bitmap 000001CA8904A240, func 00007FFF4385118B
dtor     D               dtor.c:196  _al_register_destructor          [   0.38986] added dtor for queue 000001CA8905C6D0, func 00007FFF43851C30
d3d      D          d3d_bmp.cpp:539  _al_d3d_sync_bitmap              [   0.39282] _al_d3d_sync_bitmap (system) ref count == 1
d3d      D          d3d_bmp.cpp:545  _al_d3d_sync_bitmap              [   0.39299] _al_d3d_sync_bitmap (video) ref count == 1
d3d      D          d3d_bmp.cpp:539  _al_d3d_sync_bitmap              [   0.39340] _al_d3d_sync_bitmap (system) ref count == 1
d3d      D          d3d_bmp.cpp:545  _al_d3d_sync_bitmap              [   0.39350] _al_d3d_sync_bitmap (video) ref count == 1
stdio    D         file_stdio.c:110  file_stdio_fopen                 [   0.39516] opening Minecraft.ttf rb
font     D                ttf.c:973  al_load_ttf_font_stretch_f       [   0.39596] Font Minecraft.ttf loaded with pixel size 0 x 25.
font     D                ttf.c:975  al_load_ttf_font_stretch_f       [   0.39672]     ascent=19.0, descent=-7.0, height=27.0
dtor     D               dtor.c:196  _al_register_destructor          [   0.39749] added dtor for ttf_font 000001CA89038FD0, func 00007FFF64DA128F
d3d      D         d3d_disp.cpp:1197 real_choose_bitmap_format        [   0.43264] Fake format
d3d      D         d3d_disp.cpp:1197 real_choose_bitmap_format        [   0.43277] Fake format
d3d      D         d3d_disp.cpp:1197 real_choose_bitmap_format        [   0.43284] Fake format
d3d      D         d3d_disp.cpp:1197 real_choose_bitmap_format        [   0.43291] Fake format
d3d      D         d3d_disp.cpp:1197 real_choose_bitmap_format        [   0.43298] Fake format
d3d      D         d3d_disp.cpp:1197 real_choose_bitmap_format        [   0.43304] Fake format
d3d      D         d3d_disp.cpp:1197 real_choose_bitmap_format        [   0.43310] Fake format
d3d      D         d3d_disp.cpp:1197 real_choose_bitmap_format        [   0.43316] Fake format
d3d      D         d3d_disp.cpp:1197 real_choose_bitmap_format        [   0.43323] Fake format
d3d      D         d3d_disp.cpp:1205 real_choose_bitmap_format        [   0.43329] Alpha doesn't match
d3d      D         d3d_disp.cpp:1212 real_choose_bitmap_format        [   0.43335] Adapter format is 23
d3d      D         d3d_disp.cpp:1215 real_choose_bitmap_format        [   0.43341] Found a format
d3d      I         d3d_disp.cpp:2388 d3d_create_bitmap                [   0.43350] Chose bitmap format 9
font     D                ttf.c:243  alloc_glyph_region               [   0.43790] Glyph 55: 20x23 (20x24)
font     D                ttf.c:287  alloc_glyph_region               [   0.43803] Locking glyph region: 000001CA8904B1C0 0 0 20 24
font     D                ttf.c:167  unlock_current_page              [   0.44081] Unlocking page: 000001CA8904B1C0
font     D                ttf.c:243  alloc_glyph_region               [   0.44110] Glyph 40: 20x23 (20x24)
font     D                ttf.c:287  alloc_glyph_region               [   0.44124] Locking glyph region: 000001CA8904B1C0 20 0 20 24
font     D                ttf.c:167  unlock_current_page              [   0.44138] Unlocking page: 000001CA8904B1C0
font     D                ttf.c:243  alloc_glyph_region               [   0.44153] Glyph 47: 19x23 (20x24)
font     D                ttf.c:287  alloc_glyph_region               [   0.44175] Locking glyph region: 000001CA8904B1C0 40 0 20 24
font     D                ttf.c:167  unlock_current_page              [   0.44190] Unlocking page: 000001CA8904B1C0
font     D                ttf.c:243  alloc_glyph_region               [   0.44203] Glyph 54: 19x23 (20x24)
font     D                ttf.c:287  alloc_glyph_region               [   0.44213] Locking glyph region: 000001CA8904B1C0 60 0 20 24
font     D                ttf.c:167  unlock_current_page              [   0.44225] Unlocking page: 000001CA8904B1C0
font     D                ttf.c:243  alloc_glyph_region               [   0.44242] Glyph 44: 11x23 (12x24)
font     D                ttf.c:287  alloc_glyph_region               [   0.44250] Locking glyph region: 000001CA8904B1C0 80 0 12 24
font     D                ttf.c:167  unlock_current_page              [   0.44260] Unlocking page: 000001CA8904B1C0
font     D                ttf.c:243  alloc_glyph_region               [   0.44273] Glyph 36: 19x23 (20x24)
font     D                ttf.c:287  alloc_glyph_region               [   0.44282] Locking glyph region: 000001CA8904B1C0 92 0 20 24
font     D                ttf.c:167  unlock_current_page              [   0.44294] Unlocking page: 000001CA8904B1C0
font     D                ttf.c:243  alloc_glyph_region               [   0.44323] Glyph 51: 20x23 (20x24)
font     D                ttf.c:287  alloc_glyph_region               [   0.44353] Locking glyph region: 000001CA8904B1C0 112 0 20 24
font     D                ttf.c:167  unlock_current_page              [   0.44383] Unlocking page: 000001CA8904B1C0
font     D                ttf.c:243  alloc_glyph_region               [   0.44398] Glyph 53: 23x23 (24x24)
font     D                ttf.c:287  alloc_glyph_region               [   0.44407] Locking glyph region: 000001CA8904B1C0 132 0 24 24
font     D                ttf.c:167  unlock_current_page              [   0.44802] Unlocking page: 000001CA8904B1C0
font     D                ttf.c:471  cache_glyph                      [   0.45043] Glyph 3 has zero size.
font     D                ttf.c:243  alloc_glyph_region               [   0.45068] Glyph 49: 20x23 (20x24)
font     D                ttf.c:287  alloc_glyph_region               [   0.45079] Locking glyph region: 000001CA8904B1C0 156 0 20 24
font     D                ttf.c:167  unlock_current_page              [   0.45093] Unlocking page: 000001CA8904B1C0
font     D                ttf.c:243  alloc_glyph_region               [   0.45106] Glyph 45: 15x23 (16x24)
font     D                ttf.c:287  alloc_glyph_region               [   0.45114] Locking glyph region: 000001CA8904B1C0 176 0 16 24
font     D                ttf.c:167  unlock_current_page              [   0.45126] Unlocking page: 000001CA8904B1C0
font     D                ttf.c:243  alloc_glyph_region               [   0.45138] Glyph 50: 23x23 (24x24)
font     D                ttf.c:287  alloc_glyph_region               [   0.45146] Locking glyph region: 000001CA8904B1C0 192 0 24 24
font     D                ttf.c:167  unlock_current_page              [   0.45157] Unlocking page: 000001CA8904B1C0
font     D                ttf.c:243  alloc_glyph_region               [   0.45168] Glyph 42: 22x23 (24x24)
font     D                ttf.c:287  alloc_glyph_region               [   0.45175] Locking glyph region: 000001CA8904B1C0 216 0 24 24
font     D                ttf.c:167  unlock_current_page              [   0.45185] Unlocking page: 000001CA8904B1C0
d3d      D          d3d_bmp.cpp:539  _al_d3d_sync_bitmap              [   0.45371] _al_d3d_sync_bitmap (system) ref count == 1
d3d      D          d3d_bmp.cpp:545  _al_d3d_sync_bitmap              [   0.45385] _al_d3d_sync_bitmap (video) ref count == 1
font     D                ttf.c:243  alloc_glyph_region               [   2.13324] Glyph 19: 17x23 (20x24)
font     D                ttf.c:287  alloc_glyph_region               [   2.13337] Locking glyph region: 000001CA8904B1C0 240 0 20 24
font     D                ttf.c:167  unlock_current_page              [   2.13348] Unlocking page: 000001CA8904B1C0
font     D                ttf.c:243  alloc_glyph_region               [   2.13362] Glyph 20: 14x23 (16x24)
font     D                ttf.c:287  alloc_glyph_region               [   2.13369] Locking glyph region: 000001CA8904B1C0 260 0 16 24
font     D                ttf.c:167  unlock_current_page              [   2.13400] Unlocking page: 000001CA8904B1C0
font     D                ttf.c:243  alloc_glyph_region               [   2.13410] Glyph 14: 18x17 (20x20)
font     D                ttf.c:287  alloc_glyph_region               [   2.13417] Locking glyph region: 000001CA8904B1C0 276 0 20 20
font     D                ttf.c:167  unlock_current_page              [   2.13426] Unlocking page: 000001CA8904B1C0
font     D                ttf.c:243  alloc_glyph_region               [   2.13435] Glyph 24: 20x23 (20x24)
font     D                ttf.c:287  alloc_glyph_region               [   2.13446] Locking glyph region: 000001CA8904B1C0 296 0 20 24
font     D                ttf.c:167  unlock_current_page              [   2.13997] Unlocking page: 000001CA8904B1C0
font     D                ttf.c:243  alloc_glyph_region               [   2.14016] Glyph 32: 17x15 (20x16)
font     D                ttf.c:287  alloc_glyph_region               [   2.14028] Locking glyph region: 000001CA8904B1C0 316 0 20 16
font     D                ttf.c:167  unlock_current_page              [   2.14040] Unlocking page: 000001CA8904B1C0
font     D                ttf.c:243  alloc_glyph_region               [   2.14070] Glyph 52: 23x23 (24x24)
font     D                ttf.c:287  alloc_glyph_region               [   2.14093] Locking glyph region: 000001CA8904B1C0 336 0 24 24
font     D                ttf.c:167  unlock_current_page              [   2.14105] Unlocking page: 000001CA8904B1C0
font     D                ttf.c:243  alloc_glyph_region               [   2.14119] Glyph 27: 17x23 (20x24)
font     D                ttf.c:287  alloc_glyph_region               [   2.14127] Locking glyph region: 000001CA8904B1C0 360 0 20 24
font     D                ttf.c:167  unlock_current_page              [   2.14140] Unlocking page: 000001CA8904B1C0
font     D                ttf.c:243  alloc_glyph_region               [   2.14175] Glyph 58: 20x23 (20x24)
font     D                ttf.c:287  alloc_glyph_region               [   2.14187] Locking glyph region: 000001CA8904B1C0 380 0 20 24
font     D                ttf.c:167  unlock_current_page              [   2.14199] Unlocking page: 000001CA8904B1C0
font     D                ttf.c:243  alloc_glyph_region               [   2.14217] Glyph 57: 20x23 (20x24)
font     D                ttf.c:287  alloc_glyph_region               [   2.14227] Locking glyph region: 000001CA8904B1C0 400 0 20 24
font     D                ttf.c:167  unlock_current_page              [   2.14238] Unlocking page: 000001CA8904B1C0
font     D                ttf.c:243  alloc_glyph_region               [   2.14251] Glyph 76: 8x23 (8x24)
font     D                ttf.c:287  alloc_glyph_region               [   2.14271] Locking glyph region: 000001CA8904B1C0 420 0 8 24
font     D                ttf.c:167  unlock_current_page              [   2.14281] Unlocking page: 000001CA8904B1C0
font     D                ttf.c:243  alloc_glyph_region               [   2.14292] Glyph 71: 17x23 (20x24)
font     D                ttf.c:287  alloc_glyph_region               [   2.14300] Locking glyph region: 000001CA8904B1C0 428 0 20 24
font     D                ttf.c:167  unlock_current_page              [   2.14310] Unlocking page: 000001CA8904B1C0
font     D                ttf.c:243  alloc_glyph_region               [   2.14320] Glyph 68: 19x19 (20x20)
font     D                ttf.c:287  alloc_glyph_region               [   2.14327] Locking glyph region: 000001CA8904B1C0 448 0 20 20
font     D                ttf.c:167  unlock_current_page              [   2.14352] Unlocking page: 000001CA8904B1C0
font     D                ttf.c:243  alloc_glyph_region               [   2.14364] Glyph 86: 15x20 (16x20)
font     D                ttf.c:287  alloc_glyph_region               [   2.14372] Locking glyph region: 000001CA8904B1C0 468 0 16 20
font     D                ttf.c:167  unlock_current_page              [   2.14383] Unlocking page: 000001CA8904B1C0
font     D                ttf.c:243  alloc_glyph_region               [   2.14395] Glyph 29: 8x19 (8x20)
font     D                ttf.c:287  alloc_glyph_region               [   2.14406] Locking glyph region: 000001CA8904B1C0 484 0 8 20
font     D                ttf.c:167  unlock_current_page              [   2.14420] Unlocking page: 000001CA8904B1C0
font     D                ttf.c:243  alloc_glyph_region               [   2.14434] Glyph 22: 17x23 (20x24)
font     D                ttf.c:287  alloc_glyph_region               [   2.14445] Locking glyph region: 000001CA8904B1C0 492 0 20 24
font     D                ttf.c:167  unlock_current_page              [   2.14460] Unlocking page: 000001CA8904B1C0
font     D                ttf.c:243  alloc_glyph_region               [   2.14479] Glyph 82: 17x19 (20x20)
font     D                ttf.c:287  alloc_glyph_region               [   2.14488] Locking glyph region: 000001CA8904B1C0 0 24 20 20
font     D                ttf.c:167  unlock_current_page              [   2.14501] Unlocking page: 000001CA8904B1C0
font     D                ttf.c:243  alloc_glyph_region               [   2.14511] Glyph 81: 19x19 (20x20)
font     D                ttf.c:287  alloc_glyph_region               [   2.14519] Locking glyph region: 000001CA8904B1C0 20 24 20 20
font     D                ttf.c:167  unlock_current_page              [   2.14532] Unlocking page: 000001CA8904B1C0
font     D                ttf.c:243  alloc_glyph_region               [   2.14550] Glyph 87: 12x22 (12x24)
font     D                ttf.c:287  alloc_glyph_region               [   2.14709] Locking glyph region: 000001CA8904B1C0 40 24 12 24
font     D                ttf.c:167  unlock_current_page              [   2.14744] Unlocking page: 000001CA8904B1C0
d3d      D          d3d_bmp.cpp:539  _al_d3d_sync_bitmap              [   2.14823] _al_d3d_sync_bitmap (system) ref count == 1
d3d      D          d3d_bmp.cpp:545  _al_d3d_sync_bitmap              [   2.14836] _al_d3d_sync_bitmap (video) ref count == 1
font     D                ttf.c:243  alloc_glyph_region               [   9.13342] Glyph 21: 17x23 (20x24)
font     D                ttf.c:287  alloc_glyph_region               [   9.13371] Locking glyph region: 000001CA8904B1C0 52 24 20 24
font     D                ttf.c:167  unlock_current_page              [   9.13399] Unlocking page: 000001CA8904B1C0
d3d      D          d3d_bmp.cpp:539  _al_d3d_sync_bitmap              [   9.13496] _al_d3d_sync_bitmap (system) ref count == 1
d3d      D          d3d_bmp.cpp:545  _al_d3d_sync_bitmap              [   9.13506] _al_d3d_sync_bitmap (video) ref count == 1
font     D                ttf.c:243  alloc_glyph_region               [  29.36604] Glyph 38: 22x23 (24x24)
font     D                ttf.c:287  alloc_glyph_region               [  29.36626] Locking glyph region: 000001CA8904B1C0 72 24 24 24
font     D                ttf.c:167  unlock_current_page              [  29.36639] Unlocking page: 000001CA8904B1C0
font     D                ttf.c:243  alloc_glyph_region               [  29.36654] Glyph 39: 20x23 (20x24)
font     D                ttf.c:287  alloc_glyph_region               [  29.36662] Locking glyph region: 000001CA8904B1C0 96 24 20 24
font     D                ttf.c:167  unlock_current_page              [  29.36701] Unlocking page: 000001CA8904B1C0
font     D                ttf.c:243  alloc_glyph_region               [  29.36714] Glyph 56: 19x23 (20x24)
font     D                ttf.c:287  alloc_glyph_region               [  29.36723] Locking glyph region: 000001CA8904B1C0 116 24 20 24
font     D                ttf.c:167  unlock_current_page              [  29.36734] Unlocking page: 000001CA8904B1C0
font     D                ttf.c:243  alloc_glyph_region               [  29.36748] Glyph 48: 20x23 (20x24)
font     D                ttf.c:287  alloc_glyph_region               [  29.36762] Locking glyph region: 000001CA8904B1C0 136 24 20 24
font     D                ttf.c:167  unlock_current_page              [  29.36771] Unlocking page: 000001CA8904B1C0
d3d      D          d3d_bmp.cpp:539  _al_d3d_sync_bitmap              [  29.36860] _al_d3d_sync_bitmap (system) ref count == 1
d3d      D          d3d_bmp.cpp:545  _al_d3d_sync_bitmap              [  29.36872] _al_d3d_sync_bitmap (video) ref count == 1
dtor     D               dtor.c:227  _al_unregister_destructor        [  60.70118] removed dtor for timer 000001CA81FC3A40
d3d      I         d3d_disp.cpp:910  d3d_destroy_display              [  60.70141] destroying display 000001CA8207ED60 (current 0000000000000000)
bitmap   D        bitmap_type.c:308  _al_convert_to_memory_bitmap     [  60.70561] converting display bitmap 000001CA8904B1C0 to memory bitmap
dtor     D               dtor.c:196  _al_register_destructor          [  60.70623] added dtor for bitmap 000001CA8904A430, func 00007FFF4385118B
d3d      D          d3d_bmp.cpp:539  _al_d3d_sync_bitmap              [  60.70666] _al_d3d_sync_bitmap (system) ref count == 1
d3d      D          d3d_bmp.cpp:545  _al_d3d_sync_bitmap              [  60.70684] _al_d3d_sync_bitmap (video) ref count == 1
dtor     D               dtor.c:227  _al_unregister_destructor        [  60.70834] removed dtor for bitmap 000001CA8904A430
bitmap   D        bitmap_type.c:308  _al_convert_to_memory_bitmap     [  60.70887] converting display bitmap 000001CA8904A240 to memory bitmap
dtor     D               dtor.c:196  _al_register_destructor          [  60.70903] added dtor for bitmap 000001CA8904B5A0, func 00007FFF4385118B
d3d      D          d3d_bmp.cpp:539  _al_d3d_sync_bitmap              [  60.70915] _al_d3d_sync_bitmap (system) ref count == 1
d3d      D          d3d_bmp.cpp:545  _al_d3d_sync_bitmap              [  60.70922] _al_d3d_sync_bitmap (video) ref count == 1
dtor     D               dtor.c:227  _al_unregister_destructor        [  60.70957] removed dtor for bitmap 000001CA8904B5A0
bitmap   D        bitmap_type.c:308  _al_convert_to_memory_bitmap     [  60.70972] converting display bitmap 000001CA8904ADE0 to memory bitmap
dtor     D               dtor.c:196  _al_register_destructor          [  60.70996] added dtor for bitmap 000001CA8904B980, func 00007FFF4385118B
d3d      D          d3d_bmp.cpp:539  _al_d3d_sync_bitmap              [  60.71004] _al_d3d_sync_bitmap (system) ref count == 1
d3d      D          d3d_bmp.cpp:545  _al_d3d_sync_bitmap              [  60.71020] _al_d3d_sync_bitmap (video) ref count == 1
dtor     D               dtor.c:227  _al_unregister_destructor        [  60.71063] removed dtor for bitmap 000001CA8904B980
d3d      D         d3d_disp.cpp:894  d3d_destroy_display_internals    [  60.71080] waiting for display 000001CA8207ED60's thread to end
d3d      W         d3d_disp.cpp:603  d3d_destroy_device               [  60.72401] d3d_destroy_device: ref count not 0
d3d      W         d3d_disp.cpp:603  d3d_destroy_device               [  60.72497] d3d_destroy_device: ref count not 0
d3d      I         d3d_disp.cpp:1557 d3d_display_thread_proc          [  60.75983] d3d display thread exits
dtor     D               dtor.c:227  _al_unregister_destructor        [  60.76723] removed dtor for queue 000001CA8905C6D0
dtor     D               dtor.c:116  _al_run_destructors              [  60.76739] calling dtor for ttf_font 000001CA89038FD0, func 00007FFF64DA128F
dtor     D               dtor.c:227  _al_unregister_destructor        [  60.76751] removed dtor for ttf_font 000001CA89038FD0
dtor     D               dtor.c:116  _al_run_destructors              [  60.76820] calling dtor for bitmap 000001CA8904A240, func 00007FFF4385118B
dtor     D               dtor.c:227  _al_unregister_destructor        [  60.76834] removed dtor for bitmap 000001CA8904A240
dtor     D               dtor.c:116  _al_run_destructors              [  60.76841] calling dtor for bitmap 000001CA8904ADE0, func 00007FFF4385118B
dtor     D               dtor.c:227  _al_unregister_destructor        [  60.76848] removed dtor for bitmap 000001CA8904ADE0
dtor     D               dtor.c:227  _al_unregister_destructor        [  60.76890] removed dtor for sample_instance 000001CA82015620
dtor     D               dtor.c:227  _al_unregister_destructor        [  60.76900] removed dtor for mixer 000001CA82014EE0
audio-dsound D           dsound.cpp:539  _dsound_stop_voice               [  60.76931] Stopping voice
audio-dsound D           dsound.cpp:556  _dsound_stop_voice               [  60.76938] Joining thread
audio-dsound D           dsound.cpp:562  _dsound_stop_voice               [  60.78827] Joined thread
audio-dsound D           dsound.cpp:564  _dsound_stop_voice               [  60.78847] Destroying thread
audio-dsound D           dsound.cpp:566  _dsound_stop_voice               [  60.78870] Thread destroyed
audio-dsound D           dsound.cpp:573  _dsound_stop_voice               [  60.78879] Releasing buffer
audio-dsound I           dsound.cpp:577  _dsound_stop_voice               [  60.78889] Voice stopped
dtor     D               dtor.c:227  _al_unregister_destructor        [  60.78897] removed dtor for voice 000001CA8200F310
audio-dsound D           dsound.cpp:391  _dsound_deallocate_voice         [  60.78904] Deallocating voice
audio-dsound D           dsound.cpp:396  _dsound_deallocate_voice         [  60.78919] Deallocated voice
audio-dsound D           dsound.cpp:304  _dsound_close                    [  60.78930] Releasing device
audio-dsound D           dsound.cpp:309  _dsound_close                    [  60.81609] Released device
audio-dsound I           dsound.cpp:310  _dsound_close                    [  60.81696] DirectSound closed
